%!Adobe-FontList 1.20
%Locale:0x409

%BeginFont
Handler:DirectoryHandler
FontType:Type1
FontName:Archer-Bold
FamilyName:Archer
StyleName:Bold
MenuName:Archer Bold
StyleBits:0
WeightClass:400
WidthClass:5
AngleClass:0
FullName:Archer Bold
WritingScript:Roman
OutlineFileName:/Volumes/NightOwl Creative 3/NightOwl/CLIENTS/Cincinnati Children's/CCHMC-PHO Branding Initiative/TSCHS - Brand Standards Guide/TSCHS-Brand_Standards_Guide Folder/Document fonts/Archer-Bold-Pro.otf
DataFormat:sfntData
UsesStandardEncoding:yes
isCFF:yes
hasSVG:no
VariableFontType:NonVariableFont
FileLength:95612
FileModTime:338751432
NameArray:0,Mac,4,Archer Bold
NameArray:0,Win,1,Archer Bold
NameArray:0,Win,16,Archer
%EndFont

%BeginFont
Handler:DirectoryHandler
FontType:Type1
FontName:Archer-Book
FamilyName:Archer
StyleName:Book
MenuName:Archer Book
StyleBits:0
WeightClass:325
WidthClass:5
AngleClass:0
FullName:Archer Book
WritingScript:Roman
OutlineFileName:/Volumes/NightOwl Creative 3/NightOwl/CLIENTS/Cincinnati Children's/CCHMC-PHO Branding Initiative/TSCHS - Brand Standards Guide/TSCHS-Brand_Standards_Guide Folder/Document fonts/Archer-Book-Pro.otf
DataFormat:sfntData
UsesStandardEncoding:yes
isCFF:yes
hasSVG:no
VariableFontType:NonVariableFont
FileLength:93036
FileModTime:338751432
NameArray:0,Mac,4,Archer Book
NameArray:0,Win,1,Archer Book
NameArray:0,Win,16,Archer
%EndFont

%BeginFont
Handler:DirectoryHandler
FontType:Type1
FontName:Archer-BookItalic
FamilyName:Archer
StyleName:Book Italic
MenuName:Archer Book
StyleBits:1
WeightClass:325
WidthClass:5
AngleClass:1
FullName:Archer Book Italic
WritingScript:Roman
OutlineFileName:/Volumes/NightOwl Creative 3/NightOwl/CLIENTS/Cincinnati Children's/CCHMC-PHO Branding Initiative/TSCHS - Brand Standards Guide/TSCHS-Brand_Standards_Guide Folder/Document fonts/Archer-BookItal-Pro.otf
DataFormat:sfntData
UsesStandardEncoding:yes
isCFF:yes
hasSVG:no
VariableFontType:NonVariableFont
FileLength:71660
FileModTime:338751432
NameArray:0,Mac,4,Archer Book Italic
NameArray:0,Win,1,Archer Book
NameArray:0,Win,16,Archer
%EndFont

%BeginFont
Handler:DirectoryHandler
FontType:Type1
FontName:Archer-Light
FamilyName:Archer
StyleName:Light
MenuName:Archer Light
StyleBits:0
WeightClass:300
WidthClass:5
AngleClass:0
FullName:Archer Light
WritingScript:Roman
OutlineFileName:/Volumes/NightOwl Creative 3/NightOwl/CLIENTS/Cincinnati Children's/CCHMC-PHO Branding Initiative/TSCHS - Brand Standards Guide/TSCHS-Brand_Standards_Guide Folder/Document fonts/Archer-Light-Pro.otf
DataFormat:sfntData
UsesStandardEncoding:yes
isCFF:yes
hasSVG:no
VariableFontType:NonVariableFont
FileLength:98468
FileModTime:338751432
NameArray:0,Mac,4,Archer Light
NameArray:0,Win,1,Archer Light
NameArray:0,Win,16,Archer
%EndFont

%BeginFont
Handler:DirectoryHandler
FontType:Type1
FontName:Archer-Medium
FamilyName:Archer
StyleName:Medium
MenuName:Archer Medium
StyleBits:0
WeightClass:350
WidthClass:5
AngleClass:0
FullName:Archer Medium
WritingScript:Roman
OutlineFileName:/Volumes/NightOwl Creative 3/NightOwl/CLIENTS/Cincinnati Children's/CCHMC-PHO Branding Initiative/TSCHS - Brand Standards Guide/TSCHS-Brand_Standards_Guide Folder/Document fonts/Archer-Medium-Pro.otf
DataFormat:sfntData
UsesStandardEncoding:yes
isCFF:yes
hasSVG:no
VariableFontType:NonVariableFont
FileLength:96036
FileModTime:338751432
NameArray:0,Mac,4,Archer Medium
NameArray:0,Win,1,Archer Medium
NameArray:0,Win,16,Archer
%EndFont

%BeginFont
Handler:DirectoryHandler
FontType:Type1
FontName:ArcherPro-Book
FamilyName:ArcherPro
StyleName:Book
MenuName:ArcherPro Book
StyleBits:0
WeightClass:325
WidthClass:5
AngleClass:0
FullName:ArcherPro Book
WritingScript:Roman
OutlineFileName:/Volumes/NightOwl Creative 3/NightOwl/CLIENTS/Cincinnati Children's/CCHMC-PHO Branding Initiative/TSCHS - Brand Standards Guide/TSCHS-Brand_Standards_Guide Folder/Document fonts/ArcherPro-Book_0.otf
DataFormat:sfntData
UsesStandardEncoding:yes
isCFF:yes
hasSVG:no
VariableFontType:NonVariableFont
FileLength:112200
FileModTime:224340738
NameArray:0,Mac,4,ArcherPro Book
NameArray:0,Win,1,ArcherPro Book
NameArray:0,Win,16,ArcherPro
%EndFont

%BeginFont
Handler:DirectoryHandler
FontType:Type1
FontName:ArcherPro-Semibold
FamilyName:ArcherPro
StyleName:Semibold
MenuName:ArcherPro Semibold
StyleBits:0
WeightClass:375
WidthClass:5
AngleClass:0
FullName:ArcherPro Semibold
WritingScript:Roman
OutlineFileName:/Volumes/NightOwl Creative 3/NightOwl/CLIENTS/Cincinnati Children's/CCHMC-PHO Branding Initiative/TSCHS - Brand Standards Guide/TSCHS-Brand_Standards_Guide Folder/Document fonts/ArcherPro-Semibold_0.otf
DataFormat:sfntData
UsesStandardEncoding:yes
isCFF:yes
hasSVG:no
VariableFontType:NonVariableFont
FileLength:113648
FileModTime:224340758
NameArray:0,Mac,4,ArcherPro Semibold
NameArray:0,Win,1,ArcherPro Semibold
NameArray:0,Win,16,ArcherPro
%EndFont

%BeginFont
Handler:DirectoryHandler
FontType:TrueType
FontName:AvenirNext-Bold
FamilyName:Avenir Next
StyleName:Bold
MenuName:Avenir Next
StyleBits:2
WeightClass:700
WidthClass:5
AngleClass:0
FullName:Avenir Next Bold
WritingScript:Roman
OutlineFileName:/Volumes/NightOwl Creative 3/NightOwl/CLIENTS/Cincinnati Children's/CCHMC-PHO Branding Initiative/TSCHS - Brand Standards Guide/TSCHS-Brand_Standards_Guide Folder/Document fonts/Avenir Next.ttc
TTCOffset:72
DataFormat:sfntData
hasSVG:no
VariableFontType:NonVariableFont
FileLength:4988788
FileModTime:556235900
NameArray:0,Mac,18,Avenir Next Bold
NameArray:0,Mac,4,Avenir Next Bold
NameArray:0,Win,1,Avenir Next
NameArray:0,Win,16,Avenir Next
%EndFont

%BeginFont
Handler:DirectoryHandler
FontType:TrueType
FontName:AvenirNext-BoldItalic
FamilyName:Avenir Next
StyleName:Bold Italic
MenuName:Avenir Next
StyleBits:0
WeightClass:700
WidthClass:5
AngleClass:1
FullName:Avenir Next Bold Italic
WritingScript:Roman
OutlineFileName:/Volumes/NightOwl Creative 3/NightOwl/CLIENTS/Cincinnati Children's/CCHMC-PHO Branding Initiative/TSCHS - Brand Standards Guide/TSCHS-Brand_Standards_Guide Folder/Document fonts/Avenir Next.ttc
TTCOffset:372
DataFormat:sfntData
hasSVG:no
VariableFontType:NonVariableFont
FileLength:4988788
FileModTime:556235900
NameArray:0,Mac,18,Avenir Next Bold Italic
NameArray:0,Mac,4,Avenir Next Bold Italic
NameArray:0,Win,1,Avenir Next
NameArray:0,Win,16,Avenir Next
%EndFont

%BeginFont
Handler:DirectoryHandler
FontType:TrueType
FontName:AvenirNext-DemiBold
FamilyName:Avenir Next
StyleName:Demi Bold
MenuName:Avenir Next Demi Bold
StyleBits:2
WeightClass:600
WidthClass:5
AngleClass:0
FullName:Avenir Next Demi Bold
WritingScript:Roman
OutlineFileName:/Volumes/NightOwl Creative 3/NightOwl/CLIENTS/Cincinnati Children's/CCHMC-PHO Branding Initiative/TSCHS - Brand Standards Guide/TSCHS-Brand_Standards_Guide Folder/Document fonts/Avenir Next.ttc
TTCOffset:672
DataFormat:sfntData
hasSVG:no
VariableFontType:NonVariableFont
FileLength:4988788
FileModTime:556235900
NameArray:0,Mac,18,Avenir Next Demi Bold
NameArray:0,Mac,4,Avenir Next Demi Bold
NameArray:0,Win,1,Avenir Next Demi Bold
NameArray:0,Win,16,Avenir Next
%EndFont

%BeginFont
Handler:DirectoryHandler
FontType:TrueType
FontName:AvenirNext-DemiBoldItalic
FamilyName:Avenir Next
StyleName:Demi Bold Italic
MenuName:Avenir Next Demi Bold
StyleBits:3
WeightClass:600
WidthClass:5
AngleClass:0
FullName:Avenir Next Demi Bold Italic
WritingScript:Roman
OutlineFileName:/Volumes/NightOwl Creative 3/NightOwl/CLIENTS/Cincinnati Children's/CCHMC-PHO Branding Initiative/TSCHS - Brand Standards Guide/TSCHS-Brand_Standards_Guide Folder/Document fonts/Avenir Next.ttc
TTCOffset:972
DataFormat:sfntData
hasSVG:no
VariableFontType:NonVariableFont
FileLength:4988788
FileModTime:556235900
NameArray:0,Mac,18,Avenir Next Demi Bold Italic
NameArray:0,Mac,4,Avenir Next Demi Bold Italic
NameArray:0,Win,1,Avenir Next Demi Bold
NameArray:0,Win,16,Avenir Next
%EndFont

%BeginFont
Handler:DirectoryHandler
FontType:TrueType
FontName:AvenirNext-Italic
FamilyName:Avenir Next
StyleName:Italic
MenuName:Avenir Next
StyleBits:1
WeightClass:400
WidthClass:5
AngleClass:1
FullName:Avenir Next Italic
WritingScript:Roman
OutlineFileName:/Volumes/NightOwl Creative 3/NightOwl/CLIENTS/Cincinnati Children's/CCHMC-PHO Branding Initiative/TSCHS - Brand Standards Guide/TSCHS-Brand_Standards_Guide Folder/Document fonts/Avenir Next.ttc
TTCOffset:1272
DataFormat:sfntData
hasSVG:no
VariableFontType:NonVariableFont
FileLength:4988788
FileModTime:556235900
NameArray:0,Mac,18,Avenir Next Italic
NameArray:0,Mac,4,Avenir Next Italic
NameArray:0,Win,1,Avenir Next
NameArray:0,Win,16,Avenir Next
%EndFont

%BeginFont
Handler:DirectoryHandler
FontType:TrueType
FontName:AvenirNext-Medium
FamilyName:Avenir Next
StyleName:Medium
MenuName:Avenir Next Medium
StyleBits:0
WeightClass:500
WidthClass:5
AngleClass:0
FullName:Avenir Next Medium
WritingScript:Roman
OutlineFileName:/Volumes/NightOwl Creative 3/NightOwl/CLIENTS/Cincinnati Children's/CCHMC-PHO Branding Initiative/TSCHS - Brand Standards Guide/TSCHS-Brand_Standards_Guide Folder/Document fonts/Avenir Next.ttc
TTCOffset:1572
DataFormat:sfntData
hasSVG:no
VariableFontType:NonVariableFont
FileLength:4988788
FileModTime:556235900
NameArray:0,Mac,18,Avenir Next Medium
NameArray:0,Mac,4,Avenir Next Medium
NameArray:0,Win,1,Avenir Next Medium
NameArray:0,Win,16,Avenir Next
%EndFont

%BeginFont
Handler:DirectoryHandler
FontType:TrueType
FontName:AvenirNext-MediumItalic
FamilyName:Avenir Next
StyleName:Medium Italic
MenuName:Avenir Next Medium
StyleBits:1
WeightClass:500
WidthClass:5
AngleClass:0
FullName:Avenir Next Medium Italic
WritingScript:Roman
OutlineFileName:/Volumes/NightOwl Creative 3/NightOwl/CLIENTS/Cincinnati Children's/CCHMC-PHO Branding Initiative/TSCHS - Brand Standards Guide/TSCHS-Brand_Standards_Guide Folder/Document fonts/Avenir Next.ttc
TTCOffset:1872
DataFormat:sfntData
hasSVG:no
VariableFontType:NonVariableFont
FileLength:4988788
FileModTime:556235900
NameArray:0,Mac,18,Avenir Next Medium Italic
NameArray:0,Mac,4,Avenir Next Medium Italic
NameArray:0,Win,1,Avenir Next Medium
NameArray:0,Win,16,Avenir Next
%EndFont

%BeginFont
Handler:DirectoryHandler
FontType:TrueType
FontName:AvenirNext-Regular
FamilyName:Avenir Next
StyleName:Regular
MenuName:Avenir Next
StyleBits:0
WeightClass:400
WidthClass:5
AngleClass:0
FullName:Avenir Next Regular
WritingScript:Roman
OutlineFileName:/Volumes/NightOwl Creative 3/NightOwl/CLIENTS/Cincinnati Children's/CCHMC-PHO Branding Initiative/TSCHS - Brand Standards Guide/TSCHS-Brand_Standards_Guide Folder/Document fonts/Avenir Next.ttc
TTCOffset:2172
DataFormat:sfntData
hasSVG:no
VariableFontType:NonVariableFont
FileLength:4988788
FileModTime:556235900
NameArray:0,Mac,18,Avenir Next Regular
NameArray:0,Mac,4,Avenir Next Regular
NameArray:0,Win,1,Avenir Next
NameArray:0,Win,16,Avenir Next
%EndFont

%BeginFont
Handler:DirectoryHandler
FontType:TrueType
FontName:AvenirNext-Heavy
FamilyName:Avenir Next
StyleName:Heavy
MenuName:Avenir Next Heavy
StyleBits:0
WeightClass:900
WidthClass:5
AngleClass:0
FullName:Avenir Next Heavy
WritingScript:Roman
OutlineFileName:/Volumes/NightOwl Creative 3/NightOwl/CLIENTS/Cincinnati Children's/CCHMC-PHO Branding Initiative/TSCHS - Brand Standards Guide/TSCHS-Brand_Standards_Guide Folder/Document fonts/Avenir Next.ttc
TTCOffset:2472
DataFormat:sfntData
hasSVG:no
VariableFontType:NonVariableFont
FileLength:4988788
FileModTime:556235900
NameArray:0,Mac,18,Avenir Next Heavy
NameArray:0,Mac,4,Avenir Next Heavy
NameArray:0,Win,1,Avenir Next Heavy
NameArray:0,Win,16,Avenir Next
%EndFont

%BeginFont
Handler:DirectoryHandler
FontType:TrueType
FontName:AvenirNext-HeavyItalic
FamilyName:Avenir Next
StyleName:Heavy Italic
MenuName:Avenir Next Heavy
StyleBits:1
WeightClass:900
WidthClass:5
AngleClass:1
FullName:Avenir Next Heavy Italic
WritingScript:Roman
OutlineFileName:/Volumes/NightOwl Creative 3/NightOwl/CLIENTS/Cincinnati Children's/CCHMC-PHO Branding Initiative/TSCHS - Brand Standards Guide/TSCHS-Brand_Standards_Guide Folder/Document fonts/Avenir Next.ttc
TTCOffset:2772
DataFormat:sfntData
hasSVG:no
VariableFontType:NonVariableFont
FileLength:4988788
FileModTime:556235900
NameArray:0,Mac,18,Avenir Next Heavy Italic
NameArray:0,Mac,4,Avenir Next Heavy Italic
NameArray:0,Win,1,Avenir Next Heavy
NameArray:0,Win,16,Avenir Next
%EndFont

%BeginFont
Handler:DirectoryHandler
FontType:TrueType
FontName:AvenirNext-UltraLight
FamilyName:Avenir Next
StyleName:Ultra Light
MenuName:Avenir Next Ultra Light
StyleBits:0
WeightClass:275
WidthClass:5
AngleClass:0
FullName:AvenirNext-UltraLight
WritingScript:Roman
OutlineFileName:/Volumes/NightOwl Creative 3/NightOwl/CLIENTS/Cincinnati Children's/CCHMC-PHO Branding Initiative/TSCHS - Brand Standards Guide/TSCHS-Brand_Standards_Guide Folder/Document fonts/Avenir Next.ttc
TTCOffset:3072
DataFormat:sfntData
hasSVG:no
VariableFontType:NonVariableFont
FileLength:4988788
FileModTime:556235900
NameArray:0,Mac,18,Avenir Next Ultra Light
NameArray:0,Mac,4,Avenir Next Ultra Light
NameArray:0,Win,1,Avenir Next Ultra Light
NameArray:0,Win,16,Avenir Next
%EndFont

%BeginFont
Handler:DirectoryHandler
FontType:TrueType
FontName:AvenirNext-UltraLightItalic
FamilyName:Avenir Next
StyleName:Ultra Light Italic
MenuName:Avenir Next Ultra Light
StyleBits:0
WeightClass:275
WidthClass:5
AngleClass:1
FullName:Avenir Next Ultra Light Italic
WritingScript:Roman
OutlineFileName:/Volumes/NightOwl Creative 3/NightOwl/CLIENTS/Cincinnati Children's/CCHMC-PHO Branding Initiative/TSCHS - Brand Standards Guide/TSCHS-Brand_Standards_Guide Folder/Document fonts/Avenir Next.ttc
TTCOffset:3372
DataFormat:sfntData
hasSVG:no
VariableFontType:NonVariableFont
FileLength:4988788
FileModTime:556235900
NameArray:0,Mac,18,Avenir Next Ultra Light Italic
NameArray:0,Mac,4,Avenir Next Ultra Light Italic
NameArray:0,Win,1,Avenir Next Ultra Light
NameArray:0,Win,16,Avenir Next
%EndFont

